  MazeMakerSDL2.cpp
  cTilePicker.cpp
  cTileMap.cpp
r:\menu spaceship\tile picker\project1\project1\ctilemap.cpp(152): warning C4244: 'argument': conversion from 'time_t' to 'unsigned int', possible loss of data
  cTextureMgr.cpp
  cTexture.cpp
  cSprite.cpp
r:\menu spaceship\tile picker\project1\project1\csprite.cpp(180): warning C4244: '=': conversion from 'float' to 'int', possible loss of data
r:\menu spaceship\tile picker\project1\project1\csprite.cpp(181): warning C4244: '=': conversion from 'float' to 'int', possible loss of data
r:\menu spaceship\tile picker\project1\project1\csprite.cpp(297): warning C4244: 'return': conversion from 'int' to 'float', possible loss of data
  cSoundMgr.cpp
  cSound.cpp
  cSDL2WNDManager.cpp
  cGame.cpp
r:\menu spaceship\tile picker\project1\project1\cgame.cpp(56): warning C4018: '<': signed/unsigned mismatch
r:\menu spaceship\tile picker\project1\project1\cgame.cpp(67): warning C4018: '<': signed/unsigned mismatch
r:\menu spaceship\tile picker\project1\project1\cgame.cpp(71): warning C4018: '<': signed/unsigned mismatch
r:\menu spaceship\tile picker\project1\project1\cgame.cpp(84): warning C4018: '<': signed/unsigned mismatch
r:\menu spaceship\tile picker\project1\project1\cgame.cpp(91): warning C4018: '<': signed/unsigned mismatch
r:\menu spaceship\tile picker\project1\project1\cgame.cpp(99): warning C4018: '<': signed/unsigned mismatch
  cFontMgr.cpp
  cFont.cpp
r:\menu spaceship\tile picker\project1\project1\cfont.cpp(40): warning C4150: deletion of pointer to incomplete type '_TTF_Font'; no destructor called
  c:\users\khamil214\downloads\sdl2\sdl2_ttf-2.0.14\include\sdl_ttf.h(86): note: see declaration of '_TTF_Font'
  cButtonMgr.cpp
  cButton.cpp
  Generating Code...
  Project1.vcxproj -> R:\Menu spaceship\Tile picker\Project1\Debug\Project1.exe
  Project1.vcxproj -> R:\Menu spaceship\Tile picker\Project1\Debug\Project1.pdb (Partial PDB)
  copying SDL2.dll to debug directory
  C:\Users\khamil214\Downloads\SDL2\SDL2-2.0.4\lib\x86\SDL2.dll
  1 File(s) copied
  C:\Users\khamil214\Downloads\SDL2\SDL2_image-2.0.1\lib\x86\libjpeg-9.dll
  C:\Users\khamil214\Downloads\SDL2\SDL2_image-2.0.1\lib\x86\libpng16-16.dll
  C:\Users\khamil214\Downloads\SDL2\SDL2_image-2.0.1\lib\x86\libtiff-5.dll
  C:\Users\khamil214\Downloads\SDL2\SDL2_image-2.0.1\lib\x86\libwebp-4.dll
  C:\Users\khamil214\Downloads\SDL2\SDL2_image-2.0.1\lib\x86\SDL2_image.dll
  C:\Users\khamil214\Downloads\SDL2\SDL2_image-2.0.1\lib\x86\zlib1.dll
  6 File(s) copied
  C:\Users\khamil214\Downloads\SDL2\SDL2_ttf-2.0.14\lib\x86\libfreetype-6.dll
  C:\Users\khamil214\Downloads\SDL2\SDL2_ttf-2.0.14\lib\x86\SDL2_ttf.dll
  C:\Users\khamil214\Downloads\SDL2\SDL2_ttf-2.0.14\lib\x86\zlib1.dll
  3 File(s) copied
  C:\Users\khamil214\Downloads\SDL2\SDL2_mixer-2.0.1\lib\x86\libFLAC-8.dll
  C:\Users\khamil214\Downloads\SDL2\SDL2_mixer-2.0.1\lib\x86\libmodplug-1.dll
  C:\Users\khamil214\Downloads\SDL2\SDL2_mixer-2.0.1\lib\x86\libogg-0.dll
  C:\Users\khamil214\Downloads\SDL2\SDL2_mixer-2.0.1\lib\x86\libvorbis-0.dll
  C:\Users\khamil214\Downloads\SDL2\SDL2_mixer-2.0.1\lib\x86\libvorbisfile-3.dll
  C:\Users\khamil214\Downloads\SDL2\SDL2_mixer-2.0.1\lib\x86\SDL2_mixer.dll
  C:\Users\khamil214\Downloads\SDL2\SDL2_mixer-2.0.1\lib\x86\smpeg2.dll
  7 File(s) copied
